<?xml version="1.0" encoding="UTF-8"?>
<!-- Generated by org.testng.reporters.JUnitXMLReporter -->
<testsuite ignored="1" hostname="DESKTOP-35L729R" failures="0" tests="5" name="Personal Loan" time="0.104" errors="0" timestamp="2024-12-02T10:22:54 IST">
  <testcase classname="test.Day1" name="demo" time="0.012"/>
  <testcase classname="test.Day2" name="ploan" time="0.004"/>
  <testcase classname="test.Day4" name="LoginApiHomeLoan" time="0.003"/>
  <testcase classname="test.Day4" name="MobielloginHomeloan" time="0.003"/>
  <testcase classname="test.Day4" name="webloginhomeLoan" time="0.003"/>
  <testcase classname="test.Day1" name="SecondTest" time="0.0">
    <ignored/>
  </testcase> <!-- SecondTest -->
</testsuite> <!-- Personal Loan -->
