<?xml version="1.0" encoding="UTF-8"?>
<!-- Generated by org.testng.reporters.JUnitXMLReporter -->
<testsuite ignored="8" hostname="DESKTOP-35L729R" failures="0" tests="3" name="Regression" time="0.109" errors="0" timestamp="2024-11-29T18:18:44 IST">
  <testcase classname="test.Day2" name="ploan" time="0.024"/>
  <testcase classname="test.Day3" name="MobileloginLoan" time="0.002"/>
  <testcase classname="test.Day4" name="MobielloginHomeloan" time="0.003"/>
  <testcase classname="test.Day1" name="SecondTest" time="0.0">
    <ignored/>
  </testcase> <!-- SecondTest -->
  <testcase classname="test.Day4" name="LoginApiHomeLoan" time="0.0">
    <ignored/>
  </testcase> <!-- LoginApiHomeLoan -->
  <testcase classname="test.Day3" name="MobilelogoutcarLoan" time="0.0">
    <ignored/>
  </testcase> <!-- MobilelogoutcarLoan -->
  <testcase classname="test.Day3" name="webloginLoan" time="0.0">
    <ignored/>
  </testcase> <!-- webloginLoan -->
  <testcase classname="test.Day3" name="ApiCarLoan" time="0.0">
    <ignored/>
  </testcase> <!-- ApiCarLoan -->
  <testcase classname="test.Day3" name="MobilesigncarLoan" time="0.0">
    <ignored/>
  </testcase> <!-- MobilesigncarLoan -->
  <testcase classname="test.Day1" name="demo" time="0.0">
    <ignored/>
  </testcase> <!-- demo -->
  <testcase classname="test.Day4" name="webloginhomeLoan" time="0.0">
    <ignored/>
  </testcase> <!-- webloginhomeLoan -->
</testsuite> <!-- Regression -->
