<?xml version="1.0" encoding="UTF-8"?>
<testng-results ignored="1" total="7" passed="4" failed="1" skipped="1">
  <reporter-output>
  </reporter-output>
  <suite started-at="2024-12-02T10:52:35 IST" name="Default suite" finished-at="2024-12-02T10:52:35 IST" duration-ms="139">
    <groups>
      <group name="smoke">
        <method signature="Day3.MobileloginLoan()[pri:0, instance:test.Day3@34b7ac2f]" name="MobileloginLoan" class="test.Day3"/>
      </group> <!-- smoke -->
    </groups>
    <test started-at="2024-12-02T10:52:35 IST" name="Default test" finished-at="2024-12-02T10:52:35 IST" duration-ms="139">
      <class name="test.Day3">
        <test-method is-config="true" signature="Bfsuite()[pri:0, instance:test.Day3@34b7ac2f]" started-at="2024-12-02T10:52:35 IST" name="Bfsuite" finished-at="2024-12-02T10:52:35 IST" duration-ms="11" status="PASS">
          <reporter-output>
          </reporter-output>
        </test-method> <!-- Bfsuite -->
        <test-method is-config="true" signature="beforeClass()[pri:0, instance:test.Day3@34b7ac2f]" started-at="2024-12-02T10:52:35 IST" name="beforeClass" finished-at="2024-12-02T10:52:35 IST" duration-ms="1" status="PASS">
          <reporter-output>
          </reporter-output>
        </test-method> <!-- beforeClass -->
        <test-method is-config="true" signature="beforevery()[pri:0, instance:test.Day3@34b7ac2f]" started-at="2024-12-02T10:52:35 IST" name="beforevery" finished-at="2024-12-02T10:52:35 IST" duration-ms="1" status="PASS">
          <reporter-output>
          </reporter-output>
        </test-method> <!-- beforevery -->
        <test-method signature="MobilelogoutcarLoan(java.lang.String,java.lang.String)[pri:0, instance:test.Day3@34b7ac2f]" started-at="2024-12-02T10:52:35 IST" name="MobilelogoutcarLoan" data-provider="getData" finished-at="2024-12-02T10:52:35 IST" duration-ms="15" status="PASS">
          <params>
            <param index="0">
              <value>
                <![CDATA[firstsetusername]]>
              </value>
            </param>
            <param index="1">
              <value>
                <![CDATA[firstpassword]]>
              </value>
            </param>
          </params>
          <reporter-output>
          </reporter-output>
        </test-method> <!-- MobilelogoutcarLoan -->
        <test-method is-config="true" signature="aftervery()[pri:0, instance:test.Day3@34b7ac2f]" started-at="2024-12-02T10:52:35 IST" name="aftervery" finished-at="2024-12-02T10:52:35 IST" duration-ms="1" status="PASS">
          <reporter-output>
          </reporter-output>
        </test-method> <!-- aftervery -->
        <test-method is-config="true" signature="beforevery()[pri:0, instance:test.Day3@34b7ac2f]" started-at="2024-12-02T10:52:35 IST" name="beforevery" finished-at="2024-12-02T10:52:35 IST" duration-ms="0" status="PASS">
          <reporter-output>
          </reporter-output>
        </test-method> <!-- beforevery -->
        <test-method signature="MobilelogoutcarLoan(java.lang.String,java.lang.String)[pri:0, instance:test.Day3@34b7ac2f]" started-at="2024-12-02T10:52:35 IST" name="MobilelogoutcarLoan" data-provider="getData" finished-at="2024-12-02T10:52:35 IST" duration-ms="3" status="PASS">
          <params>
            <param index="0">
              <value>
                <![CDATA[secondsetusername]]>
              </value>
            </param>
            <param index="1">
              <value>
                <![CDATA[secondpassword]]>
              </value>
            </param>
          </params>
          <reporter-output>
          </reporter-output>
        </test-method> <!-- MobilelogoutcarLoan -->
        <test-method is-config="true" signature="aftervery()[pri:0, instance:test.Day3@34b7ac2f]" started-at="2024-12-02T10:52:35 IST" name="aftervery" finished-at="2024-12-02T10:52:35 IST" duration-ms="1" status="PASS">
          <reporter-output>
          </reporter-output>
        </test-method> <!-- aftervery -->
        <test-method is-config="true" signature="beforevery()[pri:0, instance:test.Day3@34b7ac2f]" started-at="2024-12-02T10:52:35 IST" name="beforevery" finished-at="2024-12-02T10:52:35 IST" duration-ms="1" status="PASS">
          <reporter-output>
          </reporter-output>
        </test-method> <!-- beforevery -->
        <test-method signature="MobilelogoutcarLoan(java.lang.String,java.lang.String)[pri:0, instance:test.Day3@34b7ac2f]" started-at="2024-12-02T10:52:35 IST" name="MobilelogoutcarLoan" data-provider="getData" finished-at="2024-12-02T10:52:35 IST" duration-ms="4" status="PASS">
          <params>
            <param index="0">
              <value>
                <![CDATA[thirdsetusername]]>
              </value>
            </param>
            <param index="1">
              <value>
                <![CDATA[thirdpassword]]>
              </value>
            </param>
          </params>
          <reporter-output>
          </reporter-output>
        </test-method> <!-- MobilelogoutcarLoan -->
        <test-method is-config="true" signature="aftervery()[pri:0, instance:test.Day3@34b7ac2f]" started-at="2024-12-02T10:52:35 IST" name="aftervery" finished-at="2024-12-02T10:52:35 IST" duration-ms="0" status="PASS">
          <reporter-output>
          </reporter-output>
        </test-method> <!-- aftervery -->
        <test-method signature="webloginCarLoan(java.lang.String,java.lang.String)[pri:0, instance:test.Day3@34b7ac2f]" started-at="2024-12-02T10:52:35 IST" name="webloginCarLoan" finished-at="2024-12-02T10:52:35 IST" duration-ms="0" status="FAIL">
          <exception class="org.testng.TestNGException">
            <message>
              <![CDATA[
Method webloginCarLoan requires 2 parameters but 1 were supplied in the @Test annotation.]]>
            </message>
            <full-stacktrace>
              <![CDATA[org.testng.TestNGException: 
Method webloginCarLoan requires 2 parameters but 1 were supplied in the @Test annotation.
at org.testng.internal.Parameters.checkParameterTypes(Parameters.java:447)
at org.testng.internal.Parameters.createParametersForMethod(Parameters.java:353)
at org.testng.internal.Parameters.createParameters(Parameters.java:700)
at org.testng.internal.Parameters.handleParameters(Parameters.java:884)
at org.testng.internal.Parameters.handleParameters(Parameters.java:740)
at org.testng.internal.ParameterHandler.handleParameters(ParameterHandler.java:59)
at org.testng.internal.ParameterHandler.createParameters(ParameterHandler.java:38)
at org.testng.internal.TestInvoker$MethodInvocationAgent.invoke(TestInvoker.java:791)
at org.testng.internal.TestInvoker.invokeTestMethods(TestInvoker.java:146)
at org.testng.internal.TestMethodWorker.invokeTestMethods(TestMethodWorker.java:146)
at org.testng.internal.TestMethodWorker.run(TestMethodWorker.java:128)
at java.base/java.util.ArrayList.forEach(ArrayList.java:1511)
at org.testng.TestRunner.privateRun(TestRunner.java:794)
at org.testng.TestRunner.run(TestRunner.java:596)
at org.testng.SuiteRunner.runTest(SuiteRunner.java:377)
at org.testng.SuiteRunner.runSequentially(SuiteRunner.java:371)
at org.testng.SuiteRunner.privateRun(SuiteRunner.java:332)
at org.testng.SuiteRunner.run(SuiteRunner.java:276)
at org.testng.SuiteRunnerWorker.runSuite(SuiteRunnerWorker.java:53)
at org.testng.SuiteRunnerWorker.run(SuiteRunnerWorker.java:96)
at org.testng.TestNG.runSuitesSequentially(TestNG.java:1212)
at org.testng.TestNG.runSuitesLocally(TestNG.java:1134)
at org.testng.TestNG.runSuites(TestNG.java:1063)
at org.testng.TestNG.run(TestNG.java:1031)
at org.testng.remote.AbstractRemoteTestNG.run(AbstractRemoteTestNG.java:115)
at org.testng.remote.RemoteTestNG.initAndRun(RemoteTestNG.java:251)
at org.testng.remote.RemoteTestNG.main(RemoteTestNG.java:77)
]]>
            </full-stacktrace>
          </exception> <!-- org.testng.TestNGException -->
          <reporter-output>
          </reporter-output>
        </test-method> <!-- webloginCarLoan -->
        <test-method is-config="true" signature="beforevery()[pri:0, instance:test.Day3@34b7ac2f]" started-at="2024-12-02T10:52:35 IST" name="beforevery" finished-at="2024-12-02T10:52:35 IST" duration-ms="1" status="PASS">
          <reporter-output>
          </reporter-output>
        </test-method> <!-- beforevery -->
        <test-method signature="MobileloginLoan()[pri:0, instance:test.Day3@34b7ac2f]" started-at="2024-12-02T10:52:35 IST" name="MobileloginLoan" finished-at="2024-12-02T10:52:35 IST" duration-ms="2" status="PASS">
          <reporter-output>
          </reporter-output>
        </test-method> <!-- MobileloginLoan -->
        <test-method is-config="true" signature="aftervery()[pri:0, instance:test.Day3@34b7ac2f]" started-at="2024-12-02T10:52:35 IST" name="aftervery" finished-at="2024-12-02T10:52:35 IST" duration-ms="1" status="PASS">
          <reporter-output>
          </reporter-output>
        </test-method> <!-- aftervery -->
        <test-method signature="ApiCarLoan()[pri:0, instance:test.Day3@34b7ac2f]" started-at="2024-12-02T10:52:35 IST" name="ApiCarLoan" finished-at="2024-12-02T10:52:35 IST" depends-on-methods="test.Day3.MobilelogoutcarLoan, test.Day3.webloginCarLoan" duration-ms="0" status="SKIP">
          <exception class="java.lang.Throwable">
            <message>
              <![CDATA[Method Day3.ApiCarLoan()[pri:0, instance:test.Day3@34b7ac2f] depends on not successfully finished methods]]>
            </message>
            <full-stacktrace>
              <![CDATA[java.lang.Throwable: Method Day3.ApiCarLoan()[pri:0, instance:test.Day3@34b7ac2f] depends on not successfully finished methods
at org.testng.internal.TestInvoker.invokeTestMethods(TestInvoker.java:102)
at org.testng.internal.TestMethodWorker.invokeTestMethods(TestMethodWorker.java:146)
at org.testng.internal.TestMethodWorker.run(TestMethodWorker.java:128)
at java.base/java.util.ArrayList.forEach(ArrayList.java:1511)
at org.testng.TestRunner.privateRun(TestRunner.java:794)
at org.testng.TestRunner.run(TestRunner.java:596)
at org.testng.SuiteRunner.runTest(SuiteRunner.java:377)
at org.testng.SuiteRunner.runSequentially(SuiteRunner.java:371)
at org.testng.SuiteRunner.privateRun(SuiteRunner.java:332)
at org.testng.SuiteRunner.run(SuiteRunner.java:276)
at org.testng.SuiteRunnerWorker.runSuite(SuiteRunnerWorker.java:53)
at org.testng.SuiteRunnerWorker.run(SuiteRunnerWorker.java:96)
at org.testng.TestNG.runSuitesSequentially(TestNG.java:1212)
at org.testng.TestNG.runSuitesLocally(TestNG.java:1134)
at org.testng.TestNG.runSuites(TestNG.java:1063)
at org.testng.TestNG.run(TestNG.java:1031)
at org.testng.remote.AbstractRemoteTestNG.run(AbstractRemoteTestNG.java:115)
at org.testng.remote.RemoteTestNG.initAndRun(RemoteTestNG.java:251)
at org.testng.remote.RemoteTestNG.main(RemoteTestNG.java:77)
]]>
            </full-stacktrace>
          </exception> <!-- java.lang.Throwable -->
          <reporter-output>
          </reporter-output>
        </test-method> <!-- ApiCarLoan -->
        <test-method is-config="true" signature="afterClass()[pri:0, instance:test.Day3@34b7ac2f]" started-at="2024-12-02T10:52:35 IST" name="afterClass" finished-at="2024-12-02T10:52:35 IST" duration-ms="1" status="PASS">
          <reporter-output>
          </reporter-output>
        </test-method> <!-- afterClass -->
      </class> <!-- test.Day3 -->
    </test> <!-- Default test -->
  </suite> <!-- Default suite -->
</testng-results>
